TN:
SF:/Users/lzz/github/pandora/select/src/select.js
FN:1,(anonymous_1)
FN:66,(anonymous_2)
FN:74,(anonymous_3)
FN:79,(anonymous_4)
FN:83,(anonymous_5)
FN:87,(anonymous_6)
FN:97,(anonymous_7)
FN:101,(anonymous_8)
FN:105,(anonymous_9)
FN:111,(anonymous_10)
FN:131,(anonymous_11)
FN:150,(anonymous_12)
FN:156,(anonymous_13)
FN:173,(anonymous_14)
FN:183,(anonymous_15)
FN:186,(anonymous_16)
FN:196,(anonymous_17)
FN:211,(anonymous_18)
FN:217,(anonymous_19)
FN:244,(anonymous_20)
FN:258,(anonymous_21)
FN:267,(anonymous_22)
FN:268,(anonymous_23)
FN:290,(anonymous_24)
FN:308,(anonymous_25)
FN:350,(anonymous_26)
FN:355,getClassName
FN:362,convertSelect
FN:390,completeModel
FN:417,hideBlurOverlays
FN:418,(anonymous_31)
FNF:31
FNH:1
FNDA:1,(anonymous_1)
FNDA:0,(anonymous_2)
FNDA:0,(anonymous_3)
FNDA:0,(anonymous_4)
FNDA:0,(anonymous_5)
FNDA:0,(anonymous_6)
FNDA:0,(anonymous_7)
FNDA:0,(anonymous_8)
FNDA:0,(anonymous_9)
FNDA:0,(anonymous_10)
FNDA:0,(anonymous_11)
FNDA:0,(anonymous_12)
FNDA:0,(anonymous_13)
FNDA:0,(anonymous_14)
FNDA:0,(anonymous_15)
FNDA:0,(anonymous_16)
FNDA:0,(anonymous_17)
FNDA:0,(anonymous_18)
FNDA:0,(anonymous_19)
FNDA:0,(anonymous_20)
FNDA:0,(anonymous_21)
FNDA:0,(anonymous_22)
FNDA:0,(anonymous_23)
FNDA:0,(anonymous_24)
FNDA:0,(anonymous_25)
FNDA:0,(anonymous_26)
FNDA:0,getClassName
FNDA:0,convertSelect
FNDA:0,completeModel
FNDA:0,hideBlurOverlays
FNDA:0,(anonymous_31)
DA:1,1
DA:25,1
DA:26,1
DA:35,1
DA:67,0
DA:68,0
DA:70,0
DA:75,0
DA:80,0
DA:84,0
DA:85,0
DA:88,0
DA:89,0
DA:90,0
DA:91,0
DA:93,0
DA:98,0
DA:99,0
DA:102,0
DA:103,0
DA:106,0
DA:107,0
DA:108,0
DA:109,0
DA:110,0
DA:111,0
DA:112,0
DA:113,0
DA:114,0
DA:116,0
DA:117,0
DA:118,0
DA:121,0
DA:122,0
DA:132,0
DA:133,0
DA:135,0
DA:136,0
DA:142,0
DA:151,0
DA:152,0
DA:153,0
DA:157,0
DA:158,0
DA:160,0
DA:161,0
DA:163,0
DA:164,0
DA:166,0
DA:168,0
DA:170,0
DA:172,0
DA:173,0
DA:174,0
DA:177,0
DA:178,0
DA:179,0
DA:184,0
DA:186,0
DA:187,0
DA:191,0
DA:192,0
DA:197,0
DA:198,0
DA:199,0
DA:200,0
DA:201,0
DA:202,0
DA:212,0
DA:213,0
DA:214,0
DA:215,0
DA:216,0
DA:217,0
DA:218,0
DA:219,0
DA:221,0
DA:225,0
DA:226,0
DA:229,0
DA:230,0
DA:231,0
DA:233,0
DA:245,0
DA:246,0
DA:247,0
DA:248,0
DA:259,0
DA:260,0
DA:261,0
DA:263,0
DA:264,0
DA:265,0
DA:266,0
DA:267,0
DA:268,0
DA:269,0
DA:270,0
DA:271,0
DA:272,0
DA:277,0
DA:279,0
DA:280,0
DA:282,0
DA:283,0
DA:284,0
DA:286,0
DA:291,0
DA:292,0
DA:298,0
DA:309,0
DA:310,0
DA:311,0
DA:313,0
DA:314,0
DA:316,0
DA:317,0
DA:319,0
DA:324,0
DA:325,0
DA:326,0
DA:327,0
DA:328,0
DA:338,0
DA:346,1
DA:349,1
DA:350,1
DA:351,0
DA:355,1
DA:356,0
DA:357,0
DA:359,0
DA:362,1
DA:363,0
DA:367,0
DA:368,0
DA:369,0
DA:370,0
DA:371,0
DA:372,0
DA:374,0
DA:375,0
DA:377,0
DA:380,0
DA:381,0
DA:383,0
DA:390,1
DA:391,0
DA:393,0
DA:394,0
DA:395,0
DA:396,0
DA:398,0
DA:399,0
DA:400,0
DA:402,0
DA:404,0
DA:405,0
DA:406,0
DA:409,0
DA:411,0
DA:417,1
DA:418,0
DA:420,0
DA:421,0
DA:425,0
DA:426,0
DA:427,0
DA:428,0
DA:433,0
LF:170
LH:11
BRDA:68,1,0,0
BRDA:68,1,1,0
BRDA:89,2,0,0
BRDA:89,2,1,0
BRDA:151,3,0,0
BRDA:151,3,1,0
BRDA:152,4,0,0
BRDA:152,4,1,0
BRDA:160,5,0,0
BRDA:160,5,1,0
BRDA:163,6,0,0
BRDA:163,6,1,0
BRDA:172,7,0,0
BRDA:172,7,1,0
BRDA:215,8,0,0
BRDA:215,8,1,0
BRDA:218,9,0,0
BRDA:218,9,1,0
BRDA:225,10,0,0
BRDA:225,10,1,0
BRDA:230,11,0,0
BRDA:230,11,1,0
BRDA:263,12,0,0
BRDA:263,12,1,0
BRDA:265,13,0,0
BRDA:265,13,1,0
BRDA:270,14,0,0
BRDA:270,14,1,0
BRDA:279,15,0,0
BRDA:279,15,1,0
BRDA:282,16,0,0
BRDA:282,16,1,0
BRDA:283,17,0,0
BRDA:283,17,1,0
BRDA:291,18,0,0
BRDA:291,18,1,0
BRDA:313,19,0,0
BRDA:313,19,1,0
BRDA:316,20,0,0
BRDA:316,20,1,0
BRDA:325,21,0,0
BRDA:325,21,1,0
BRDA:327,22,0,0
BRDA:327,22,1,0
BRDA:356,23,0,0
BRDA:356,23,1,0
BRDA:374,24,0,0
BRDA:374,24,1,0
BRDA:380,25,0,0
BRDA:380,25,1,0
BRDA:380,26,0,0
BRDA:380,26,1,0
BRDA:395,27,0,0
BRDA:395,27,1,0
BRDA:402,28,0,0
BRDA:402,28,1,0
BRDA:420,29,0,0
BRDA:420,29,1,0
BRDA:420,30,0,0
BRDA:420,30,1,0
BRDA:427,31,0,0
BRDA:427,31,1,0
BRDA:427,32,0,0
BRDA:427,32,1,0
BRF:64
BRH:0
end_of_record
