TN:
SF:./src/select.js
FN:1,(anonymous_1)
FN:110,(anonymous_2)
FN:115,(anonymous_3)
FN:125,(anonymous_4)
FN:133,(anonymous_5)
FN:136,(anonymous_6)
FN:143,(anonymous_7)
FN:153,(anonymous_8)
FN:165,(anonymous_9)
FN:169,(anonymous_10)
FN:179,(anonymous_11)
FN:189,(anonymous_12)
FN:206,(anonymous_13)
FN:215,(anonymous_14)
FN:216,(anonymous_15)
FN:225,(anonymous_16)
FN:229,(anonymous_17)
FN:240,(anonymous_18)
FN:244,(anonymous_19)
FN:254,(anonymous_20)
FN:279,(anonymous_21)
FN:286,(anonymous_22)
FN:308,(anonymous_23)
FN:313,(anonymous_24)
FN:327,(anonymous_25)
FN:338,(anonymous_26)
FN:344,(anonymous_27)
FN:373,(anonymous_28)
FN:435,(anonymous_29)
FN:456,(anonymous_30)
FN:468,(anonymous_31)
FN:471,(anonymous_32)
FN:487,(anonymous_33)
FN:523,(anonymous_34)
FN:544,(anonymous_35)
FN:588,(anonymous_36)
FN:629,(anonymous_37)
FN:663,(anonymous_38)
FN:694,(anonymous_39)
FN:717,convertSelect
FN:755,completeModel
FN:773,getMaxLength
FN:787,getStringWidth
FNF:43
FNH:32
FNDA:1,(anonymous_1)
FNDA:23,(anonymous_2)
FNDA:8,(anonymous_3)
FNDA:9,(anonymous_4)
FNDA:0,(anonymous_5)
FNDA:0,(anonymous_6)
FNDA:7,(anonymous_7)
FNDA:12,(anonymous_8)
FNDA:14,(anonymous_9)
FNDA:170,(anonymous_10)
FNDA:4,(anonymous_11)
FNDA:11,(anonymous_12)
FNDA:1,(anonymous_13)
FNDA:0,(anonymous_14)
FNDA:0,(anonymous_15)
FNDA:0,(anonymous_16)
FNDA:0,(anonymous_17)
FNDA:0,(anonymous_18)
FNDA:0,(anonymous_19)
FNDA:0,(anonymous_20)
FNDA:13,(anonymous_21)
FNDA:23,(anonymous_22)
FNDA:23,(anonymous_23)
FNDA:0,(anonymous_24)
FNDA:5,(anonymous_25)
FNDA:8,(anonymous_26)
FNDA:22,(anonymous_27)
FNDA:23,(anonymous_28)
FNDA:23,(anonymous_29)
FNDA:32,(anonymous_30)
FNDA:15,(anonymous_31)
FNDA:0,(anonymous_32)
FNDA:32,(anonymous_33)
FNDA:12,(anonymous_34)
FNDA:32,(anonymous_35)
FNDA:10,(anonymous_36)
FNDA:2,(anonymous_37)
FNDA:8,(anonymous_38)
FNDA:1,(anonymous_39)
FNDA:4,convertSelect
FNDA:19,completeModel
FNDA:8,getMaxLength
FNDA:42,getStringWidth
DA:1,1
DA:27,1
DA:32,1
DA:38,1
DA:49,1
DA:111,23
DA:116,8
DA:117,8
DA:118,1
DA:120,7
DA:121,7
DA:126,9
DA:127,1
DA:128,1
DA:130,8
DA:134,0
DA:137,0
DA:144,7
DA:145,0
DA:147,7
DA:148,7
DA:149,7
DA:150,7
DA:153,7
DA:154,12
DA:155,12
DA:157,12
DA:158,0
DA:159,12
DA:160,12
DA:162,0
DA:165,7
DA:166,14
DA:167,14
DA:169,14
DA:170,170
DA:172,14
DA:175,7
DA:180,4
DA:181,4
DA:182,4
DA:183,4
DA:193,11
DA:194,11
DA:196,11
DA:197,11
DA:198,11
DA:199,11
DA:200,11
DA:207,1
DA:208,1
DA:211,1
DA:216,0
DA:217,0
DA:218,0
DA:219,0
DA:226,0
DA:227,0
DA:229,0
DA:230,0
DA:231,0
DA:232,0
DA:233,0
DA:236,0
DA:241,0
DA:242,0
DA:244,0
DA:245,0
DA:246,0
DA:247,0
DA:248,0
DA:251,0
DA:255,0
DA:256,0
DA:258,0
DA:260,0
DA:261,0
DA:263,0
DA:264,0
DA:266,0
DA:267,0
DA:269,0
DA:270,0
DA:272,0
DA:273,0
DA:280,13
DA:287,23
DA:291,23
DA:292,0
DA:295,23
DA:298,23
DA:300,23
DA:302,23
DA:303,23
DA:308,23
DA:309,23
DA:312,23
DA:314,0
DA:316,0
DA:323,23
DA:326,23
DA:327,5
DA:328,5
DA:329,5
DA:330,5
DA:333,18
DA:334,18
DA:339,8
DA:345,22
DA:346,0
DA:348,22
DA:349,22
DA:350,6
DA:357,16
DA:364,22
DA:374,23
DA:383,23
DA:385,4
DA:386,4
DA:387,2
DA:388,2
DA:389,1
DA:392,4
DA:393,0
DA:395,4
DA:396,4
DA:399,19
DA:400,0
DA:402,19
DA:403,2
DA:409,19
DA:412,19
DA:414,19
DA:415,0
DA:416,0
DA:417,0
DA:424,0
DA:436,23
DA:437,23
DA:438,23
DA:445,23
DA:446,10
DA:448,23
DA:457,32
DA:458,32
DA:459,32
DA:460,32
DA:461,15
DA:463,15
DA:464,15
DA:469,15
DA:471,15
DA:472,0
DA:474,0
DA:475,0
DA:488,32
DA:494,32
DA:495,98
DA:496,14
DA:497,14
DA:498,14
DA:502,32
DA:504,32
DA:506,32
DA:508,23
DA:511,32
DA:513,32
DA:514,11
DA:515,11
DA:516,11
DA:524,12
DA:528,12
DA:529,34
DA:531,12
DA:532,12
DA:533,12
DA:534,12
DA:535,12
DA:545,32
DA:551,32
DA:553,31
DA:559,32
DA:560,32
DA:561,0
DA:563,0
DA:564,0
DA:566,32
DA:569,32
DA:571,32
DA:572,32
DA:575,0
DA:577,0
DA:578,0
DA:589,10
DA:592,10
DA:594,10
DA:595,8
DA:596,8
DA:599,10
DA:608,10
DA:609,10
DA:610,6
DA:611,6
DA:613,6
DA:618,6
DA:630,2
DA:631,2
DA:632,0
DA:634,2
DA:635,2
DA:638,2
DA:639,2
DA:640,1
DA:641,1
DA:642,1
DA:644,2
DA:645,2
DA:650,2
DA:664,8
DA:669,8
DA:670,0
DA:671,0
DA:674,8
DA:675,0
DA:678,8
DA:680,8
DA:681,27
DA:683,8
DA:684,8
DA:685,8
DA:695,1
DA:700,1
DA:701,0
DA:704,1
DA:706,1
DA:708,1
DA:710,1
DA:715,1
DA:717,1
DA:718,4
DA:725,4
DA:726,12
DA:728,12
DA:729,10
DA:730,7
DA:732,3
DA:736,12
DA:744,12
DA:746,12
DA:747,5
DA:751,4
DA:755,1
DA:756,19
DA:758,19
DA:759,56
DA:761,56
DA:762,6
DA:764,50
DA:767,56
DA:768,56
DA:770,19
DA:773,1
DA:774,8
DA:777,8
DA:778,23
DA:779,23
DA:780,23
DA:781,15
DA:784,8
DA:787,1
DA:788,42
DA:791,42
DA:792,126
DA:793,126
DA:794,126
DA:795,81
DA:796,81
DA:800,42
DA:813,42
DA:815,42
LF:280
LH:218
BRDA:117,1,0,1
BRDA:117,1,1,7
BRDA:126,2,0,1
BRDA:126,2,1,8
BRDA:144,3,0,0
BRDA:144,3,1,7
BRDA:157,4,0,0
BRDA:157,4,1,12
BRDA:159,5,0,12
BRDA:159,5,1,0
BRDA:182,6,0,4
BRDA:182,6,1,0
BRDA:196,7,0,11
BRDA:196,7,1,8
BRDA:207,8,0,1
BRDA:207,8,1,0
BRDA:207,9,0,1
BRDA:207,9,1,1
BRDA:217,10,0,0
BRDA:217,10,1,0
BRDA:230,11,0,0
BRDA:230,11,1,0
BRDA:230,12,0,0
BRDA:230,12,1,0
BRDA:245,13,0,0
BRDA:245,13,1,0
BRDA:245,14,0,0
BRDA:245,14,1,0
BRDA:255,15,0,0
BRDA:255,15,1,0
BRDA:258,16,0,0
BRDA:258,16,1,0
BRDA:258,16,2,0
BRDA:258,16,3,0
BRDA:258,16,4,0
BRDA:291,17,0,0
BRDA:291,17,1,23
BRDA:300,18,0,23
BRDA:300,18,1,23
BRDA:304,19,0,23
BRDA:304,19,1,23
BRDA:304,19,2,23
BRDA:310,20,0,2
BRDA:310,20,1,21
BRDA:314,21,0,0
BRDA:314,21,1,0
BRDA:314,22,0,0
BRDA:314,22,1,0
BRDA:316,23,0,0
BRDA:316,23,1,0
BRDA:326,24,0,5
BRDA:326,24,1,18
BRDA:345,25,0,0
BRDA:345,25,1,22
BRDA:349,26,0,6
BRDA:349,26,1,16
BRDA:381,27,0,23
BRDA:381,27,1,23
BRDA:381,27,2,18
BRDA:383,28,0,4
BRDA:383,28,1,19
BRDA:386,29,0,2
BRDA:386,29,1,2
BRDA:388,30,0,1
BRDA:388,30,1,1
BRDA:392,31,0,0
BRDA:392,31,1,4
BRDA:392,32,0,4
BRDA:392,32,1,4
BRDA:399,33,0,0
BRDA:399,33,1,19
BRDA:399,34,0,19
BRDA:399,34,1,19
BRDA:402,35,0,2
BRDA:402,35,1,17
BRDA:414,36,0,0
BRDA:414,36,1,19
BRDA:416,37,0,0
BRDA:416,37,1,0
BRDA:445,38,0,10
BRDA:445,38,1,13
BRDA:460,39,0,15
BRDA:460,39,1,17
BRDA:472,40,0,0
BRDA:472,40,1,0
BRDA:472,41,0,0
BRDA:472,41,1,0
BRDA:495,42,0,14
BRDA:495,42,1,84
BRDA:502,43,0,32
BRDA:502,43,1,20
BRDA:506,44,0,23
BRDA:506,44,1,9
BRDA:508,45,0,23
BRDA:508,45,1,18
BRDA:511,46,0,32
BRDA:511,46,1,20
BRDA:513,47,0,11
BRDA:513,47,1,21
BRDA:546,48,0,15
BRDA:546,48,1,17
BRDA:551,49,0,31
BRDA:551,49,1,1
BRDA:553,50,0,3
BRDA:553,50,1,28
BRDA:559,51,0,32
BRDA:559,51,1,0
BRDA:560,52,0,0
BRDA:560,52,1,32
BRDA:594,53,0,8
BRDA:594,53,1,2
BRDA:596,54,0,8
BRDA:596,54,1,8
BRDA:609,55,0,6
BRDA:609,55,1,4
BRDA:611,56,0,6
BRDA:611,56,1,0
BRDA:611,57,0,6
BRDA:611,57,1,6
BRDA:631,58,0,0
BRDA:631,58,1,2
BRDA:638,59,0,2
BRDA:638,59,1,0
BRDA:639,60,0,1
BRDA:639,60,1,1
BRDA:647,61,0,2
BRDA:647,61,1,2
BRDA:669,62,0,0
BRDA:669,62,1,8
BRDA:674,63,0,0
BRDA:674,63,1,8
BRDA:700,64,0,0
BRDA:700,64,1,1
BRDA:706,65,0,0
BRDA:706,65,1,1
BRDA:728,66,0,10
BRDA:728,66,1,2
BRDA:729,67,0,7
BRDA:729,67,1,3
BRDA:732,68,0,3
BRDA:732,68,1,0
BRDA:740,69,0,12
BRDA:740,69,1,10
BRDA:746,70,0,5
BRDA:746,70,1,7
BRDA:761,71,0,6
BRDA:761,71,1,50
BRDA:762,72,0,6
BRDA:762,72,1,3
BRDA:764,73,0,50
BRDA:764,73,1,0
BRDA:780,74,0,15
BRDA:780,74,1,8
BRDA:794,75,0,81
BRDA:794,75,1,45
BRF:155
BRH:105
end_of_record
