{
"./src/select.js":{"path":"./src/select.js","s":{"1":1,"2":1,"3":1,"4":1,"5":1,"6":23,"7":8,"8":8,"9":1,"10":7,"11":7,"12":9,"13":1,"14":1,"15":8,"16":0,"17":0,"18":7,"19":0,"20":7,"21":7,"22":7,"23":7,"24":7,"25":12,"26":12,"27":12,"28":0,"29":12,"30":12,"31":0,"32":7,"33":14,"34":14,"35":14,"36":170,"37":14,"38":7,"39":4,"40":4,"41":4,"42":4,"43":11,"44":11,"45":11,"46":11,"47":11,"48":11,"49":11,"50":1,"51":1,"52":1,"53":0,"54":0,"55":0,"56":0,"57":0,"58":0,"59":0,"60":0,"61":0,"62":0,"63":0,"64":0,"65":0,"66":0,"67":0,"68":0,"69":0,"70":0,"71":0,"72":0,"73":0,"74":0,"75":0,"76":0,"77":0,"78":0,"79":0,"80":0,"81":0,"82":0,"83":0,"84":0,"85":0,"86":13,"87":23,"88":23,"89":0,"90":23,"91":23,"92":23,"93":23,"94":23,"95":23,"96":23,"97":23,"98":0,"99":0,"100":23,"101":23,"102":5,"103":5,"104":5,"105":5,"106":18,"107":18,"108":8,"109":22,"110":0,"111":22,"112":22,"113":6,"114":16,"115":22,"116":23,"117":23,"118":4,"119":4,"120":2,"121":2,"122":1,"123":4,"124":0,"125":4,"126":4,"127":19,"128":0,"129":19,"130":2,"131":19,"132":19,"133":19,"134":0,"135":0,"136":0,"137":0,"138":23,"139":23,"140":23,"141":23,"142":10,"143":23,"144":32,"145":32,"146":32,"147":32,"148":15,"149":15,"150":15,"151":15,"152":15,"153":0,"154":0,"155":0,"156":32,"157":32,"158":98,"159":14,"160":14,"161":14,"162":32,"163":32,"164":32,"165":23,"166":32,"167":32,"168":11,"169":11,"170":11,"171":12,"172":12,"173":34,"174":12,"175":12,"176":12,"177":12,"178":12,"179":32,"180":32,"181":31,"182":32,"183":32,"184":0,"185":0,"186":0,"187":32,"188":32,"189":32,"190":32,"191":0,"192":0,"193":0,"194":10,"195":10,"196":10,"197":8,"198":8,"199":10,"200":10,"201":10,"202":6,"203":6,"204":6,"205":6,"206":2,"207":2,"208":0,"209":2,"210":2,"211":2,"212":2,"213":1,"214":1,"215":1,"216":2,"217":2,"218":2,"219":8,"220":8,"221":0,"222":0,"223":8,"224":0,"225":8,"226":8,"227":27,"228":8,"229":8,"230":8,"231":1,"232":1,"233":0,"234":1,"235":1,"236":1,"237":1,"238":1,"239":1,"240":4,"241":4,"242":12,"243":12,"244":10,"245":7,"246":3,"247":12,"248":12,"249":12,"250":5,"251":4,"252":1,"253":19,"254":19,"255":56,"256":56,"257":6,"258":50,"259":56,"260":56,"261":19,"262":1,"263":8,"264":8,"265":23,"266":23,"267":23,"268":15,"269":8,"270":1,"271":42,"272":42,"273":126,"274":126,"275":126,"276":81,"277":81,"278":42,"279":42,"280":42},"b":{"1":[1,7],"2":[1,8],"3":[0,7],"4":[0,12],"5":[12,0],"6":[4,0],"7":[11,8],"8":[1,0],"9":[1,1],"10":[0,0],"11":[0,0],"12":[0,0],"13":[0,0],"14":[0,0],"15":[0,0],"16":[0,0,0,0,0],"17":[0,23],"18":[23,23],"19":[23,23,23],"20":[2,21],"21":[0,0],"22":[0,0],"23":[0,0],"24":[5,18],"25":[0,22],"26":[6,16],"27":[23,23,18],"28":[4,19],"29":[2,2],"30":[1,1],"31":[0,4],"32":[4,4],"33":[0,19],"34":[19,19],"35":[2,17],"36":[0,19],"37":[0,0],"38":[10,13],"39":[15,17],"40":[0,0],"41":[0,0],"42":[14,84],"43":[32,20],"44":[23,9],"45":[23,18],"46":[32,20],"47":[11,21],"48":[15,17],"49":[31,1],"50":[3,28],"51":[32,0],"52":[0,32],"53":[8,2],"54":[8,8],"55":[6,4],"56":[6,0],"57":[6,6],"58":[0,2],"59":[2,0],"60":[1,1],"61":[2,2],"62":[0,8],"63":[0,8],"64":[0,1],"65":[0,1],"66":[10,2],"67":[7,3],"68":[3,0],"69":[12,10],"70":[5,7],"71":[6,50],"72":[6,3],"73":[50,0],"74":[15,8],"75":[81,45]},"f":{"1":1,"2":23,"3":8,"4":9,"5":0,"6":0,"7":7,"8":12,"9":14,"10":170,"11":4,"12":11,"13":1,"14":0,"15":0,"16":0,"17":0,"18":0,"19":0,"20":0,"21":13,"22":23,"23":23,"24":0,"25":5,"26":8,"27":22,"28":23,"29":23,"30":32,"31":15,"32":0,"33":32,"34":12,"35":32,"36":10,"37":2,"38":8,"39":1,"40":4,"41":19,"42":8,"43":42},"fnMap":{"1":{"name":"(anonymous_1)","line":1,"loc":{"start":{"line":1,"column":7},"end":{"line":1,"column":42}}},"2":{"name":"(anonymous_2)","line":110,"loc":{"start":{"line":110,"column":14},"end":{"line":110,"column":25}}},"3":{"name":"(anonymous_3)","line":115,"loc":{"start":{"line":115,"column":36},"end":{"line":115,"column":48}}},"4":{"name":"(anonymous_4)","line":125,"loc":{"start":{"line":125,"column":34},"end":{"line":125,"column":46}}},"5":{"name":"(anonymous_5)","line":133,"loc":{"start":{"line":133,"column":39},"end":{"line":133,"column":51}}},"6":{"name":"(anonymous_6)","line":136,"loc":{"start":{"line":136,"column":39},"end":{"line":136,"column":51}}},"7":{"name":"(anonymous_7)","line":143,"loc":{"start":{"line":143,"column":12},"end":{"line":143,"column":23}}},"8":{"name":"(anonymous_8)","line":153,"loc":{"start":{"line":153,"column":17},"end":{"line":153,"column":37}}},"9":{"name":"(anonymous_9)","line":165,"loc":{"start":{"line":165,"column":20},"end":{"line":165,"column":35}}},"10":{"name":"(anonymous_10)","line":169,"loc":{"start":{"line":169,"column":44},"end":{"line":169,"column":60}}},"11":{"name":"(anonymous_11)","line":179,"loc":{"start":{"line":179,"column":13},"end":{"line":179,"column":24}}},"12":{"name":"(anonymous_12)","line":189,"loc":{"start":{"line":189,"column":21},"end":{"line":189,"column":32}}},"13":{"name":"(anonymous_13)","line":206,"loc":{"start":{"line":206,"column":21},"end":{"line":206,"column":32}}},"14":{"name":"(anonymous_14)","line":215,"loc":{"start":{"line":215,"column":14},"end":{"line":215,"column":26}}},"15":{"name":"(anonymous_15)","line":216,"loc":{"start":{"line":216,"column":29},"end":{"line":216,"column":40}}},"16":{"name":"(anonymous_16)","line":225,"loc":{"start":{"line":225,"column":11},"end":{"line":225,"column":22}}},"17":{"name":"(anonymous_17)","line":229,"loc":{"start":{"line":229,"column":17},"end":{"line":229,"column":29}}},"18":{"name":"(anonymous_18)","line":240,"loc":{"start":{"line":240,"column":13},"end":{"line":240,"column":24}}},"19":{"name":"(anonymous_19)","line":244,"loc":{"start":{"line":244,"column":17},"end":{"line":244,"column":29}}},"20":{"name":"(anonymous_20)","line":254,"loc":{"start":{"line":254,"column":11},"end":{"line":254,"column":23}}},"21":{"name":"(anonymous_21)","line":279,"loc":{"start":{"line":279,"column":20},"end":{"line":279,"column":35}}},"22":{"name":"(anonymous_22)","line":286,"loc":{"start":{"line":286,"column":11},"end":{"line":286,"column":22}}},"23":{"name":"(anonymous_23)","line":308,"loc":{"start":{"line":308,"column":26},"end":{"line":308,"column":37}}},"24":{"name":"(anonymous_24)","line":313,"loc":{"start":{"line":313,"column":23},"end":{"line":313,"column":35}}},"25":{"name":"(anonymous_25)","line":327,"loc":{"start":{"line":327,"column":30},"end":{"line":327,"column":45}}},"26":{"name":"(anonymous_26)","line":338,"loc":{"start":{"line":338,"column":14},"end":{"line":338,"column":30}}},"27":{"name":"(anonymous_27)","line":344,"loc":{"start":{"line":344,"column":20},"end":{"line":344,"column":31}}},"28":{"name":"(anonymous_28)","line":373,"loc":{"start":{"line":373,"column":15},"end":{"line":373,"column":26}}},"29":{"name":"(anonymous_29)","line":435,"loc":{"start":{"line":435,"column":19},"end":{"line":435,"column":30}}},"30":{"name":"(anonymous_30)","line":456,"loc":{"start":{"line":456,"column":12},"end":{"line":456,"column":23}}},"31":{"name":"(anonymous_31)","line":468,"loc":{"start":{"line":468,"column":19},"end":{"line":468,"column":30}}},"32":{"name":"(anonymous_32)","line":471,"loc":{"start":{"line":471,"column":52},"end":{"line":471,"column":64}}},"33":{"name":"(anonymous_33)","line":487,"loc":{"start":{"line":487,"column":15},"end":{"line":487,"column":26}}},"34":{"name":"(anonymous_34)","line":523,"loc":{"start":{"line":523,"column":16},"end":{"line":523,"column":27}}},"35":{"name":"(anonymous_35)","line":544,"loc":{"start":{"line":544,"column":14},"end":{"line":544,"column":25}}},"36":{"name":"(anonymous_36)","line":588,"loc":{"start":{"line":588,"column":18},"end":{"line":588,"column":29}}},"37":{"name":"(anonymous_37)","line":629,"loc":{"start":{"line":629,"column":18},"end":{"line":629,"column":29}}},"38":{"name":"(anonymous_38)","line":663,"loc":{"start":{"line":663,"column":12},"end":{"line":663,"column":27}}},"39":{"name":"(anonymous_39)","line":694,"loc":{"start":{"line":694,"column":11},"end":{"line":694,"column":35}}},"40":{"name":"convertSelect","line":717,"loc":{"start":{"line":717,"column":2},"end":{"line":717,"column":40}}},"41":{"name":"completeModel","line":755,"loc":{"start":{"line":755,"column":2},"end":{"line":755,"column":49}}},"42":{"name":"getMaxLength","line":773,"loc":{"start":{"line":773,"column":2},"end":{"line":773,"column":30}}},"43":{"name":"getStringWidth","line":787,"loc":{"start":{"line":787,"column":2},"end":{"line":787,"column":41}}}},"statementMap":{"1":{"start":{"line":1,"column":0},"end":{"line":818,"column":3}},"2":{"start":{"line":27,"column":2},"end":{"line":30,"column":31}},"3":{"start":{"line":32,"column":2},"end":{"line":37,"column":4}},"4":{"start":{"line":38,"column":2},"end":{"line":38,"column":28}},"5":{"start":{"line":49,"column":2},"end":{"line":713,"column":5}},"6":{"start":{"line":111,"column":8},"end":{"line":111,"column":62}},"7":{"start":{"line":116,"column":10},"end":{"line":116,"column":30}},"8":{"start":{"line":117,"column":10},"end":{"line":122,"column":11}},"9":{"start":{"line":118,"column":12},"end":{"line":118,"column":32}},"10":{"start":{"line":120,"column":12},"end":{"line":120,"column":32}},"11":{"start":{"line":121,"column":12},"end":{"line":121,"column":45}},"12":{"start":{"line":126,"column":10},"end":{"line":131,"column":11}},"13":{"start":{"line":127,"column":12},"end":{"line":127,"column":32}},"14":{"start":{"line":128,"column":12},"end":{"line":128,"column":73}},"15":{"start":{"line":130,"column":12},"end":{"line":130,"column":44}},"16":{"start":{"line":134,"column":10},"end":{"line":134,"column":48}},"17":{"start":{"line":137,"column":10},"end":{"line":137,"column":51}},"18":{"start":{"line":144,"column":6},"end":{"line":146,"column":7}},"19":{"start":{"line":145,"column":8},"end":{"line":145,"column":21}},"20":{"start":{"line":147,"column":6},"end":{"line":147,"column":22}},"21":{"start":{"line":148,"column":6},"end":{"line":148,"column":120}},"22":{"start":{"line":149,"column":6},"end":{"line":149,"column":31}},"23":{"start":{"line":150,"column":6},"end":{"line":150,"column":20}},"24":{"start":{"line":153,"column":6},"end":{"line":164,"column":9}},"25":{"start":{"line":154,"column":8},"end":{"line":154,"column":25}},"26":{"start":{"line":155,"column":8},"end":{"line":155,"column":25}},"27":{"start":{"line":157,"column":8},"end":{"line":163,"column":9}},"28":{"start":{"line":158,"column":10},"end":{"line":158,"column":20}},"29":{"start":{"line":159,"column":15},"end":{"line":163,"column":9}},"30":{"start":{"line":160,"column":10},"end":{"line":160,"column":19}},"31":{"start":{"line":162,"column":10},"end":{"line":162,"column":19}},"32":{"start":{"line":165,"column":6},"end":{"line":173,"column":9}},"33":{"start":{"line":166,"column":8},"end":{"line":166,"column":43}},"34":{"start":{"line":167,"column":8},"end":{"line":167,"column":49}},"35":{"start":{"line":169,"column":8},"end":{"line":171,"column":11}},"36":{"start":{"line":170,"column":10},"end":{"line":170,"column":64}},"37":{"start":{"line":172,"column":8},"end":{"line":172,"column":24}},"38":{"start":{"line":175,"column":6},"end":{"line":175,"column":32}},"39":{"start":{"line":180,"column":6},"end":{"line":180,"column":30}},"40":{"start":{"line":181,"column":6},"end":{"line":181,"column":20}},"41":{"start":{"line":182,"column":6},"end":{"line":184,"column":7}},"42":{"start":{"line":183,"column":8},"end":{"line":183,"column":31}},"43":{"start":{"line":193,"column":6},"end":{"line":193,"column":22}},"44":{"start":{"line":194,"column":6},"end":{"line":194,"column":77}},"45":{"start":{"line":196,"column":6},"end":{"line":196,"column":77}},"46":{"start":{"line":197,"column":6},"end":{"line":197,"column":38}},"47":{"start":{"line":198,"column":6},"end":{"line":198,"column":30}},"48":{"start":{"line":199,"column":6},"end":{"line":199,"column":24}},"49":{"start":{"line":200,"column":6},"end":{"line":203,"column":71}},"50":{"start":{"line":207,"column":6},"end":{"line":209,"column":7}},"51":{"start":{"line":208,"column":8},"end":{"line":208,"column":49}},"52":{"start":{"line":211,"column":6},"end":{"line":211,"column":49}},"53":{"start":{"line":216,"column":6},"end":{"line":221,"column":9}},"54":{"start":{"line":217,"column":8},"end":{"line":220,"column":9}},"55":{"start":{"line":218,"column":10},"end":{"line":218,"column":35}},"56":{"start":{"line":219,"column":10},"end":{"line":219,"column":23}},"57":{"start":{"line":226,"column":6},"end":{"line":226,"column":16}},"58":{"start":{"line":227,"column":6},"end":{"line":227,"column":36}},"59":{"start":{"line":229,"column":6},"end":{"line":235,"column":9}},"60":{"start":{"line":230,"column":8},"end":{"line":234,"column":9}},"61":{"start":{"line":231,"column":10},"end":{"line":231,"column":24}},"62":{"start":{"line":232,"column":10},"end":{"line":232,"column":40}},"63":{"start":{"line":233,"column":10},"end":{"line":233,"column":23}},"64":{"start":{"line":236,"column":6},"end":{"line":236,"column":41}},"65":{"start":{"line":241,"column":6},"end":{"line":241,"column":16}},"66":{"start":{"line":242,"column":6},"end":{"line":242,"column":36}},"67":{"start":{"line":244,"column":6},"end":{"line":250,"column":9}},"68":{"start":{"line":245,"column":8},"end":{"line":249,"column":9}},"69":{"start":{"line":246,"column":10},"end":{"line":246,"column":24}},"70":{"start":{"line":247,"column":10},"end":{"line":247,"column":40}},"71":{"start":{"line":248,"column":10},"end":{"line":248,"column":23}},"72":{"start":{"line":251,"column":6},"end":{"line":251,"column":41}},"73":{"start":{"line":255,"column":6},"end":{"line":257,"column":7}},"74":{"start":{"line":256,"column":8},"end":{"line":256,"column":15}},"75":{"start":{"line":258,"column":6},"end":{"line":274,"column":7}},"76":{"start":{"line":260,"column":10},"end":{"line":260,"column":25}},"77":{"start":{"line":261,"column":10},"end":{"line":261,"column":16}},"78":{"start":{"line":263,"column":10},"end":{"line":263,"column":26}},"79":{"start":{"line":264,"column":10},"end":{"line":264,"column":16}},"80":{"start":{"line":266,"column":10},"end":{"line":266,"column":23}},"81":{"start":{"line":267,"column":10},"end":{"line":267,"column":16}},"82":{"start":{"line":269,"column":10},"end":{"line":269,"column":25}},"83":{"start":{"line":270,"column":10},"end":{"line":270,"column":16}},"84":{"start":{"line":272,"column":10},"end":{"line":272,"column":24}},"85":{"start":{"line":273,"column":10},"end":{"line":273,"column":16}},"86":{"start":{"line":280,"column":6},"end":{"line":283,"column":10}},"87":{"start":{"line":287,"column":6},"end":{"line":289,"column":19}},"88":{"start":{"line":291,"column":6},"end":{"line":293,"column":7}},"89":{"start":{"line":292,"column":8},"end":{"line":292,"column":44}},"90":{"start":{"line":295,"column":6},"end":{"line":295,"column":43}},"91":{"start":{"line":298,"column":6},"end":{"line":298,"column":52}},"92":{"start":{"line":300,"column":6},"end":{"line":300,"column":72}},"93":{"start":{"line":302,"column":6},"end":{"line":302,"column":60}},"94":{"start":{"line":303,"column":6},"end":{"line":306,"column":36}},"95":{"start":{"line":308,"column":6},"end":{"line":321,"column":9}},"96":{"start":{"line":309,"column":8},"end":{"line":311,"column":10}},"97":{"start":{"line":312,"column":8},"end":{"line":319,"column":26}},"98":{"start":{"line":314,"column":12},"end":{"line":317,"column":13}},"99":{"start":{"line":316,"column":14},"end":{"line":316,"column":53}},"100":{"start":{"line":323,"column":6},"end":{"line":323,"column":39}},"101":{"start":{"line":326,"column":6},"end":{"line":335,"column":7}},"102":{"start":{"line":327,"column":8},"end":{"line":331,"column":11}},"103":{"start":{"line":328,"column":10},"end":{"line":328,"column":37}},"104":{"start":{"line":329,"column":10},"end":{"line":329,"column":27}},"105":{"start":{"line":330,"column":10},"end":{"line":330,"column":31}},"106":{"start":{"line":333,"column":8},"end":{"line":333,"column":25}},"107":{"start":{"line":334,"column":8},"end":{"line":334,"column":29}},"108":{"start":{"line":339,"column":6},"end":{"line":341,"column":26}},"109":{"start":{"line":345,"column":6},"end":{"line":347,"column":7}},"110":{"start":{"line":346,"column":8},"end":{"line":346,"column":15}},"111":{"start":{"line":348,"column":6},"end":{"line":348,"column":16}},"112":{"start":{"line":349,"column":6},"end":{"line":363,"column":7}},"113":{"start":{"line":350,"column":8},"end":{"line":355,"column":10}},"114":{"start":{"line":357,"column":8},"end":{"line":362,"column":10}},"115":{"start":{"line":364,"column":6},"end":{"line":364,"column":34}},"116":{"start":{"line":374,"column":6},"end":{"line":381,"column":60}},"117":{"start":{"line":383,"column":6},"end":{"line":426,"column":7}},"118":{"start":{"line":385,"column":8},"end":{"line":385,"column":43}},"119":{"start":{"line":386,"column":8},"end":{"line":390,"column":9}},"120":{"start":{"line":387,"column":10},"end":{"line":387,"column":27}},"121":{"start":{"line":388,"column":15},"end":{"line":390,"column":9}},"122":{"start":{"line":389,"column":10},"end":{"line":389,"column":23}},"123":{"start":{"line":392,"column":8},"end":{"line":397,"column":9}},"124":{"start":{"line":393,"column":10},"end":{"line":393,"column":59}},"125":{"start":{"line":395,"column":10},"end":{"line":395,"column":49}},"126":{"start":{"line":396,"column":10},"end":{"line":396,"column":37}},"127":{"start":{"line":399,"column":8},"end":{"line":401,"column":9}},"128":{"start":{"line":400,"column":10},"end":{"line":400,"column":50}},"129":{"start":{"line":402,"column":8},"end":{"line":407,"column":9}},"130":{"start":{"line":403,"column":10},"end":{"line":406,"column":13}},"131":{"start":{"line":409,"column":8},"end":{"line":409,"column":67}},"132":{"start":{"line":412,"column":8},"end":{"line":412,"column":41}},"133":{"start":{"line":414,"column":8},"end":{"line":425,"column":9}},"134":{"start":{"line":415,"column":10},"end":{"line":415,"column":71}},"135":{"start":{"line":416,"column":10},"end":{"line":423,"column":11}},"136":{"start":{"line":417,"column":12},"end":{"line":422,"column":34}},"137":{"start":{"line":424,"column":10},"end":{"line":424,"column":34}},"138":{"start":{"line":436,"column":6},"end":{"line":436,"column":22}},"139":{"start":{"line":437,"column":6},"end":{"line":437,"column":38}},"140":{"start":{"line":438,"column":6},"end":{"line":443,"column":9}},"141":{"start":{"line":445,"column":6},"end":{"line":447,"column":7}},"142":{"start":{"line":446,"column":8},"end":{"line":446,"column":39}},"143":{"start":{"line":448,"column":6},"end":{"line":448,"column":20}},"144":{"start":{"line":457,"column":6},"end":{"line":457,"column":23}},"145":{"start":{"line":458,"column":6},"end":{"line":458,"column":43}},"146":{"start":{"line":459,"column":6},"end":{"line":459,"column":22}},"147":{"start":{"line":460,"column":6},"end":{"line":465,"column":7}},"148":{"start":{"line":461,"column":8},"end":{"line":461,"column":52}},"149":{"start":{"line":463,"column":8},"end":{"line":463,"column":30}},"150":{"start":{"line":464,"column":8},"end":{"line":464,"column":29}},"151":{"start":{"line":469,"column":6},"end":{"line":469,"column":22}},"152":{"start":{"line":471,"column":6},"end":{"line":477,"column":9}},"153":{"start":{"line":472,"column":8},"end":{"line":476,"column":9}},"154":{"start":{"line":474,"column":10},"end":{"line":474,"column":33}},"155":{"start":{"line":475,"column":10},"end":{"line":475,"column":23}},"156":{"start":{"line":488,"column":6},"end":{"line":492,"column":28}},"157":{"start":{"line":494,"column":6},"end":{"line":500,"column":7}},"158":{"start":{"line":495,"column":8},"end":{"line":499,"column":9}},"159":{"start":{"line":496,"column":10},"end":{"line":496,"column":36}},"160":{"start":{"line":497,"column":10},"end":{"line":497,"column":38}},"161":{"start":{"line":498,"column":10},"end":{"line":498,"column":29}},"162":{"start":{"line":502,"column":6},"end":{"line":502,"column":63}},"163":{"start":{"line":504,"column":6},"end":{"line":504,"column":44}},"164":{"start":{"line":506,"column":6},"end":{"line":509,"column":7}},"165":{"start":{"line":508,"column":8},"end":{"line":508,"column":46}},"166":{"start":{"line":511,"column":6},"end":{"line":511,"column":37}},"167":{"start":{"line":513,"column":6},"end":{"line":517,"column":7}},"168":{"start":{"line":514,"column":8},"end":{"line":514,"column":30}},"169":{"start":{"line":515,"column":8},"end":{"line":515,"column":28}},"170":{"start":{"line":516,"column":8},"end":{"line":516,"column":28}},"171":{"start":{"line":524,"column":6},"end":{"line":526,"column":13}},"172":{"start":{"line":528,"column":6},"end":{"line":530,"column":7}},"173":{"start":{"line":529,"column":8},"end":{"line":529,"column":33}},"174":{"start":{"line":531,"column":6},"end":{"line":531,"column":38}},"175":{"start":{"line":532,"column":6},"end":{"line":532,"column":24}},"176":{"start":{"line":533,"column":6},"end":{"line":533,"column":23}},"177":{"start":{"line":534,"column":6},"end":{"line":534,"column":25}},"178":{"start":{"line":535,"column":6},"end":{"line":535,"column":31}},"179":{"start":{"line":545,"column":6},"end":{"line":549,"column":17}},"180":{"start":{"line":551,"column":6},"end":{"line":555,"column":7}},"181":{"start":{"line":553,"column":8},"end":{"line":554,"column":69}},"182":{"start":{"line":559,"column":6},"end":{"line":579,"column":7}},"183":{"start":{"line":560,"column":8},"end":{"line":573,"column":9}},"184":{"start":{"line":561,"column":10},"end":{"line":562,"column":36}},"185":{"start":{"line":563,"column":10},"end":{"line":563,"column":46}},"186":{"start":{"line":564,"column":10},"end":{"line":564,"column":76}},"187":{"start":{"line":566,"column":10},"end":{"line":568,"column":40}},"188":{"start":{"line":569,"column":10},"end":{"line":570,"column":54}},"189":{"start":{"line":571,"column":10},"end":{"line":571,"column":49}},"190":{"start":{"line":572,"column":10},"end":{"line":572,"column":49}},"191":{"start":{"line":575,"column":8},"end":{"line":576,"column":38}},"192":{"start":{"line":577,"column":8},"end":{"line":577,"column":74}},"193":{"start":{"line":578,"column":8},"end":{"line":578,"column":47}},"194":{"start":{"line":589,"column":6},"end":{"line":590,"column":41}},"195":{"start":{"line":592,"column":6},"end":{"line":592,"column":64}},"196":{"start":{"line":594,"column":6},"end":{"line":597,"column":7}},"197":{"start":{"line":595,"column":8},"end":{"line":595,"column":51}},"198":{"start":{"line":596,"column":8},"end":{"line":596,"column":62}},"199":{"start":{"line":599,"column":6},"end":{"line":606,"column":16}},"200":{"start":{"line":608,"column":6},"end":{"line":608,"column":29}},"201":{"start":{"line":609,"column":6},"end":{"line":620,"column":7}},"202":{"start":{"line":610,"column":8},"end":{"line":610,"column":30}},"203":{"start":{"line":611,"column":8},"end":{"line":619,"column":9}},"204":{"start":{"line":613,"column":10},"end":{"line":613,"column":33}},"205":{"start":{"line":618,"column":10},"end":{"line":618,"column":51}},"206":{"start":{"line":630,"column":6},"end":{"line":630,"column":22}},"207":{"start":{"line":631,"column":6},"end":{"line":633,"column":7}},"208":{"start":{"line":632,"column":8},"end":{"line":632,"column":15}},"209":{"start":{"line":634,"column":6},"end":{"line":634,"column":30}},"210":{"start":{"line":635,"column":6},"end":{"line":636,"column":59}},"211":{"start":{"line":638,"column":6},"end":{"line":648,"column":7}},"212":{"start":{"line":639,"column":8},"end":{"line":643,"column":9}},"213":{"start":{"line":640,"column":10},"end":{"line":640,"column":35}},"214":{"start":{"line":641,"column":10},"end":{"line":641,"column":32}},"215":{"start":{"line":642,"column":10},"end":{"line":642,"column":33}},"216":{"start":{"line":644,"column":8},"end":{"line":644,"column":54}},"217":{"start":{"line":645,"column":8},"end":{"line":647,"column":57}},"218":{"start":{"line":650,"column":6},"end":{"line":651,"column":16}},"219":{"start":{"line":664,"column":6},"end":{"line":667,"column":13}},"220":{"start":{"line":669,"column":6},"end":{"line":672,"column":7}},"221":{"start":{"line":670,"column":8},"end":{"line":670,"column":28}},"222":{"start":{"line":671,"column":8},"end":{"line":671,"column":15}},"223":{"start":{"line":674,"column":6},"end":{"line":676,"column":7}},"224":{"start":{"line":675,"column":8},"end":{"line":675,"column":15}},"225":{"start":{"line":678,"column":6},"end":{"line":678,"column":36}},"226":{"start":{"line":680,"column":6},"end":{"line":682,"column":7}},"227":{"start":{"line":681,"column":8},"end":{"line":681,"column":42}},"228":{"start":{"line":683,"column":6},"end":{"line":683,"column":31}},"229":{"start":{"line":684,"column":6},"end":{"line":684,"column":30}},"230":{"start":{"line":685,"column":6},"end":{"line":685,"column":20}},"231":{"start":{"line":695,"column":6},"end":{"line":698,"column":16}},"232":{"start":{"line":700,"column":6},"end":{"line":702,"column":7}},"233":{"start":{"line":701,"column":8},"end":{"line":701,"column":15}},"234":{"start":{"line":704,"column":6},"end":{"line":704,"column":50}},"235":{"start":{"line":706,"column":6},"end":{"line":706,"column":59}},"236":{"start":{"line":708,"column":6},"end":{"line":708,"column":20}},"237":{"start":{"line":710,"column":6},"end":{"line":710,"column":26}},"238":{"start":{"line":715,"column":2},"end":{"line":715,"column":26}},"239":{"start":{"line":717,"column":2},"end":{"line":752,"column":3}},"240":{"start":{"line":718,"column":4},"end":{"line":723,"column":28}},"241":{"start":{"line":725,"column":4},"end":{"line":749,"column":5}},"242":{"start":{"line":726,"column":6},"end":{"line":726,"column":26}},"243":{"start":{"line":728,"column":6},"end":{"line":734,"column":7}},"244":{"start":{"line":729,"column":8},"end":{"line":733,"column":9}},"245":{"start":{"line":730,"column":10},"end":{"line":730,"column":46}},"246":{"start":{"line":732,"column":10},"end":{"line":732,"column":63}},"247":{"start":{"line":736,"column":6},"end":{"line":742,"column":8}},"248":{"start":{"line":744,"column":6},"end":{"line":744,"column":20}},"249":{"start":{"line":746,"column":6},"end":{"line":748,"column":7}},"250":{"start":{"line":747,"column":8},"end":{"line":747,"column":29}},"251":{"start":{"line":751,"column":4},"end":{"line":751,"column":17}},"252":{"start":{"line":755,"column":2},"end":{"line":771,"column":3}},"253":{"start":{"line":756,"column":4},"end":{"line":756,"column":13}},"254":{"start":{"line":758,"column":4},"end":{"line":769,"column":5}},"255":{"start":{"line":759,"column":6},"end":{"line":759,"column":19}},"256":{"start":{"line":761,"column":6},"end":{"line":765,"column":7}},"257":{"start":{"line":762,"column":8},"end":{"line":762,"column":74}},"258":{"start":{"line":764,"column":8},"end":{"line":764,"column":62}},"259":{"start":{"line":767,"column":6},"end":{"line":767,"column":25}},"260":{"start":{"line":768,"column":6},"end":{"line":768,"column":35}},"261":{"start":{"line":770,"column":4},"end":{"line":770,"column":17}},"262":{"start":{"line":773,"column":2},"end":{"line":785,"column":3}},"263":{"start":{"line":774,"column":4},"end":{"line":775,"column":14}},"264":{"start":{"line":777,"column":4},"end":{"line":783,"column":5}},"265":{"start":{"line":778,"column":6},"end":{"line":778,"column":26}},"266":{"start":{"line":779,"column":6},"end":{"line":779,"column":53}},"267":{"start":{"line":780,"column":6},"end":{"line":782,"column":7}},"268":{"start":{"line":781,"column":8},"end":{"line":781,"column":14}},"269":{"start":{"line":784,"column":4},"end":{"line":784,"column":13}},"270":{"start":{"line":787,"column":2},"end":{"line":816,"column":3}},"271":{"start":{"line":788,"column":4},"end":{"line":789,"column":35}},"272":{"start":{"line":791,"column":4},"end":{"line":798,"column":5}},"273":{"start":{"line":792,"column":6},"end":{"line":792,"column":26}},"274":{"start":{"line":793,"column":6},"end":{"line":793,"column":53}},"275":{"start":{"line":794,"column":6},"end":{"line":797,"column":7}},"276":{"start":{"line":795,"column":8},"end":{"line":795,"column":14}},"277":{"start":{"line":796,"column":8},"end":{"line":796,"column":21}},"278":{"start":{"line":800,"column":4},"end":{"line":811,"column":26}},"279":{"start":{"line":813,"column":4},"end":{"line":813,"column":19}},"280":{"start":{"line":815,"column":4},"end":{"line":815,"column":17}}},"branchMap":{"1":{"line":117,"type":"if","locations":[{"start":{"line":117,"column":10},"end":{"line":117,"column":10}},{"start":{"line":117,"column":10},"end":{"line":117,"column":10}}]},"2":{"line":126,"type":"if","locations":[{"start":{"line":126,"column":10},"end":{"line":126,"column":10}},{"start":{"line":126,"column":10},"end":{"line":126,"column":10}}]},"3":{"line":144,"type":"if","locations":[{"start":{"line":144,"column":6},"end":{"line":144,"column":6}},{"start":{"line":144,"column":6},"end":{"line":144,"column":6}}]},"4":{"line":157,"type":"if","locations":[{"start":{"line":157,"column":8},"end":{"line":157,"column":8}},{"start":{"line":157,"column":8},"end":{"line":157,"column":8}}]},"5":{"line":159,"type":"if","locations":[{"start":{"line":159,"column":15},"end":{"line":159,"column":15}},{"start":{"line":159,"column":15},"end":{"line":159,"column":15}}]},"6":{"line":182,"type":"if","locations":[{"start":{"line":182,"column":6},"end":{"line":182,"column":6}},{"start":{"line":182,"column":6},"end":{"line":182,"column":6}}]},"7":{"line":196,"type":"binary-expr","locations":[{"start":{"line":196,"column":6},"end":{"line":196,"column":20}},{"start":{"line":196,"column":25},"end":{"line":196,"column":75}}]},"8":{"line":207,"type":"if","locations":[{"start":{"line":207,"column":6},"end":{"line":207,"column":6}},{"start":{"line":207,"column":6},"end":{"line":207,"column":6}}]},"9":{"line":207,"type":"binary-expr","locations":[{"start":{"line":207,"column":10},"end":{"line":207,"column":29}},{"start":{"line":207,"column":33},"end":{"line":207,"column":51}}]},"10":{"line":217,"type":"if","locations":[{"start":{"line":217,"column":8},"end":{"line":217,"column":8}},{"start":{"line":217,"column":8},"end":{"line":217,"column":8}}]},"11":{"line":230,"type":"if","locations":[{"start":{"line":230,"column":8},"end":{"line":230,"column":8}},{"start":{"line":230,"column":8},"end":{"line":230,"column":8}}]},"12":{"line":230,"type":"binary-expr","locations":[{"start":{"line":230,"column":12},"end":{"line":230,"column":38}},{"start":{"line":230,"column":42},"end":{"line":230,"column":47}}]},"13":{"line":245,"type":"if","locations":[{"start":{"line":245,"column":8},"end":{"line":245,"column":8}},{"start":{"line":245,"column":8},"end":{"line":245,"column":8}}]},"14":{"line":245,"type":"binary-expr","locations":[{"start":{"line":245,"column":12},"end":{"line":245,"column":38}},{"start":{"line":245,"column":42},"end":{"line":245,"column":62}}]},"15":{"line":255,"type":"if","locations":[{"start":{"line":255,"column":6},"end":{"line":255,"column":6}},{"start":{"line":255,"column":6},"end":{"line":255,"column":6}}]},"16":{"line":258,"type":"switch","locations":[{"start":{"line":259,"column":8},"end":{"line":261,"column":16}},{"start":{"line":262,"column":8},"end":{"line":264,"column":16}},{"start":{"line":265,"column":8},"end":{"line":267,"column":16}},{"start":{"line":268,"column":8},"end":{"line":270,"column":16}},{"start":{"line":271,"column":8},"end":{"line":273,"column":16}}]},"17":{"line":291,"type":"if","locations":[{"start":{"line":291,"column":6},"end":{"line":291,"column":6}},{"start":{"line":291,"column":6},"end":{"line":291,"column":6}}]},"18":{"line":300,"type":"binary-expr","locations":[{"start":{"line":300,"column":31},"end":{"line":300,"column":53}},{"start":{"line":300,"column":57},"end":{"line":300,"column":70}}]},"19":{"line":304,"type":"binary-expr","locations":[{"start":{"line":304,"column":8},"end":{"line":304,"column":28}},{"start":{"line":305,"column":8},"end":{"line":305,"column":27}},{"start":{"line":306,"column":8},"end":{"line":306,"column":34}}]},"20":{"line":310,"type":"cond-expr","locations":[{"start":{"line":310,"column":72},"end":{"line":310,"column":82}},{"start":{"line":310,"column":85},"end":{"line":310,"column":93}}]},"21":{"line":314,"type":"if","locations":[{"start":{"line":314,"column":12},"end":{"line":314,"column":12}},{"start":{"line":314,"column":12},"end":{"line":314,"column":12}}]},"22":{"line":314,"type":"binary-expr","locations":[{"start":{"line":314,"column":18},"end":{"line":314,"column":35}},{"start":{"line":315,"column":14},"end":{"line":315,"column":37}}]},"23":{"line":316,"type":"binary-expr","locations":[{"start":{"line":316,"column":14},"end":{"line":316,"column":29}},{"start":{"line":316,"column":33},"end":{"line":316,"column":52}}]},"24":{"line":326,"type":"if","locations":[{"start":{"line":326,"column":6},"end":{"line":326,"column":6}},{"start":{"line":326,"column":6},"end":{"line":326,"column":6}}]},"25":{"line":345,"type":"if","locations":[{"start":{"line":345,"column":6},"end":{"line":345,"column":6}},{"start":{"line":345,"column":6},"end":{"line":345,"column":6}}]},"26":{"line":349,"type":"if","locations":[{"start":{"line":349,"column":6},"end":{"line":349,"column":6}},{"start":{"line":349,"column":6},"end":{"line":349,"column":6}}]},"27":{"line":381,"type":"binary-expr","locations":[{"start":{"line":381,"column":16},"end":{"line":381,"column":36}},{"start":{"line":381,"column":40},"end":{"line":381,"column":51}},{"start":{"line":381,"column":55},"end":{"line":381,"column":59}}]},"28":{"line":383,"type":"if","locations":[{"start":{"line":383,"column":6},"end":{"line":383,"column":6}},{"start":{"line":383,"column":6},"end":{"line":383,"column":6}}]},"29":{"line":386,"type":"if","locations":[{"start":{"line":386,"column":8},"end":{"line":386,"column":8}},{"start":{"line":386,"column":8},"end":{"line":386,"column":8}}]},"30":{"line":388,"type":"if","locations":[{"start":{"line":388,"column":15},"end":{"line":388,"column":15}},{"start":{"line":388,"column":15},"end":{"line":388,"column":15}}]},"31":{"line":392,"type":"if","locations":[{"start":{"line":392,"column":8},"end":{"line":392,"column":8}},{"start":{"line":392,"column":8},"end":{"line":392,"column":8}}]},"32":{"line":392,"type":"binary-expr","locations":[{"start":{"line":392,"column":12},"end":{"line":392,"column":17}},{"start":{"line":392,"column":21},"end":{"line":392,"column":33}}]},"33":{"line":399,"type":"if","locations":[{"start":{"line":399,"column":8},"end":{"line":399,"column":8}},{"start":{"line":399,"column":8},"end":{"line":399,"column":8}}]},"34":{"line":399,"type":"binary-expr","locations":[{"start":{"line":399,"column":12},"end":{"line":399,"column":18}},{"start":{"line":399,"column":22},"end":{"line":399,"column":35}}]},"35":{"line":402,"type":"if","locations":[{"start":{"line":402,"column":8},"end":{"line":402,"column":8}},{"start":{"line":402,"column":8},"end":{"line":402,"column":8}}]},"36":{"line":414,"type":"if","locations":[{"start":{"line":414,"column":8},"end":{"line":414,"column":8}},{"start":{"line":414,"column":8},"end":{"line":414,"column":8}}]},"37":{"line":416,"type":"if","locations":[{"start":{"line":416,"column":10},"end":{"line":416,"column":10}},{"start":{"line":416,"column":10},"end":{"line":416,"column":10}}]},"38":{"line":445,"type":"if","locations":[{"start":{"line":445,"column":6},"end":{"line":445,"column":6}},{"start":{"line":445,"column":6},"end":{"line":445,"column":6}}]},"39":{"line":460,"type":"if","locations":[{"start":{"line":460,"column":6},"end":{"line":460,"column":6}},{"start":{"line":460,"column":6},"end":{"line":460,"column":6}}]},"40":{"line":472,"type":"if","locations":[{"start":{"line":472,"column":8},"end":{"line":472,"column":8}},{"start":{"line":472,"column":8},"end":{"line":472,"column":8}}]},"41":{"line":472,"type":"binary-expr","locations":[{"start":{"line":472,"column":12},"end":{"line":472,"column":31}},{"start":{"line":472,"column":35},"end":{"line":472,"column":53}}]},"42":{"line":495,"type":"if","locations":[{"start":{"line":495,"column":8},"end":{"line":495,"column":8}},{"start":{"line":495,"column":8},"end":{"line":495,"column":8}}]},"43":{"line":502,"type":"binary-expr","locations":[{"start":{"line":502,"column":17},"end":{"line":502,"column":54}},{"start":{"line":502,"column":58},"end":{"line":502,"column":62}}]},"44":{"line":506,"type":"if","locations":[{"start":{"line":506,"column":6},"end":{"line":506,"column":6}},{"start":{"line":506,"column":6},"end":{"line":506,"column":6}}]},"45":{"line":508,"type":"binary-expr","locations":[{"start":{"line":508,"column":21},"end":{"line":508,"column":37}},{"start":{"line":508,"column":41},"end":{"line":508,"column":45}}]},"46":{"line":511,"type":"binary-expr","locations":[{"start":{"line":511,"column":21},"end":{"line":511,"column":29}},{"start":{"line":511,"column":33},"end":{"line":511,"column":35}}]},"47":{"line":513,"type":"if","locations":[{"start":{"line":513,"column":6},"end":{"line":513,"column":6}},{"start":{"line":513,"column":6},"end":{"line":513,"column":6}}]},"48":{"line":546,"type":"cond-expr","locations":[{"start":{"line":546,"column":46},"end":{"line":546,"column":47}},{"start":{"line":546,"column":50},"end":{"line":546,"column":51}}]},"49":{"line":551,"type":"if","locations":[{"start":{"line":551,"column":6},"end":{"line":551,"column":6}},{"start":{"line":551,"column":6},"end":{"line":551,"column":6}}]},"50":{"line":553,"type":"cond-expr","locations":[{"start":{"line":553,"column":46},"end":{"line":553,"column":48}},{"start":{"line":553,"column":51},"end":{"line":553,"column":62}}]},"51":{"line":559,"type":"if","locations":[{"start":{"line":559,"column":6},"end":{"line":559,"column":6}},{"start":{"line":559,"column":6},"end":{"line":559,"column":6}}]},"52":{"line":560,"type":"if","locations":[{"start":{"line":560,"column":8},"end":{"line":560,"column":8}},{"start":{"line":560,"column":8},"end":{"line":560,"column":8}}]},"53":{"line":594,"type":"if","locations":[{"start":{"line":594,"column":6},"end":{"line":594,"column":6}},{"start":{"line":594,"column":6},"end":{"line":594,"column":6}}]},"54":{"line":596,"type":"binary-expr","locations":[{"start":{"line":596,"column":38},"end":{"line":596,"column":47}},{"start":{"line":596,"column":51},"end":{"line":596,"column":60}}]},"55":{"line":609,"type":"if","locations":[{"start":{"line":609,"column":6},"end":{"line":609,"column":6}},{"start":{"line":609,"column":6},"end":{"line":609,"column":6}}]},"56":{"line":611,"type":"if","locations":[{"start":{"line":611,"column":8},"end":{"line":611,"column":8}},{"start":{"line":611,"column":8},"end":{"line":611,"column":8}}]},"57":{"line":611,"type":"binary-expr","locations":[{"start":{"line":611,"column":12},"end":{"line":611,"column":23}},{"start":{"line":611,"column":27},"end":{"line":611,"column":37}}]},"58":{"line":631,"type":"if","locations":[{"start":{"line":631,"column":6},"end":{"line":631,"column":6}},{"start":{"line":631,"column":6},"end":{"line":631,"column":6}}]},"59":{"line":638,"type":"if","locations":[{"start":{"line":638,"column":6},"end":{"line":638,"column":6}},{"start":{"line":638,"column":6},"end":{"line":638,"column":6}}]},"60":{"line":639,"type":"if","locations":[{"start":{"line":639,"column":8},"end":{"line":639,"column":8}},{"start":{"line":639,"column":8},"end":{"line":639,"column":8}}]},"61":{"line":647,"type":"binary-expr","locations":[{"start":{"line":647,"column":16},"end":{"line":647,"column":25}},{"start":{"line":647,"column":29},"end":{"line":647,"column":55}}]},"62":{"line":669,"type":"if","locations":[{"start":{"line":669,"column":6},"end":{"line":669,"column":6}},{"start":{"line":669,"column":6},"end":{"line":669,"column":6}}]},"63":{"line":674,"type":"if","locations":[{"start":{"line":674,"column":6},"end":{"line":674,"column":6}},{"start":{"line":674,"column":6},"end":{"line":674,"column":6}}]},"64":{"line":700,"type":"if","locations":[{"start":{"line":700,"column":6},"end":{"line":700,"column":6}},{"start":{"line":700,"column":6},"end":{"line":700,"column":6}}]},"65":{"line":706,"type":"cond-expr","locations":[{"start":{"line":706,"column":40},"end":{"line":706,"column":47}},{"start":{"line":706,"column":50},"end":{"line":706,"column":58}}]},"66":{"line":728,"type":"if","locations":[{"start":{"line":728,"column":6},"end":{"line":728,"column":6}},{"start":{"line":728,"column":6},"end":{"line":728,"column":6}}]},"67":{"line":729,"type":"if","locations":[{"start":{"line":729,"column":8},"end":{"line":729,"column":8}},{"start":{"line":729,"column":8},"end":{"line":729,"column":8}}]},"68":{"line":732,"type":"binary-expr","locations":[{"start":{"line":732,"column":21},"end":{"line":732,"column":43}},{"start":{"line":732,"column":47},"end":{"line":732,"column":62}}]},"69":{"line":740,"type":"binary-expr","locations":[{"start":{"line":740,"column":18},"end":{"line":740,"column":32}},{"start":{"line":740,"column":36},"end":{"line":740,"column":44}}]},"70":{"line":746,"type":"if","locations":[{"start":{"line":746,"column":6},"end":{"line":746,"column":6}},{"start":{"line":746,"column":6},"end":{"line":746,"column":6}}]},"71":{"line":761,"type":"if","locations":[{"start":{"line":761,"column":6},"end":{"line":761,"column":6}},{"start":{"line":761,"column":6},"end":{"line":761,"column":6}}]},"72":{"line":762,"type":"binary-expr","locations":[{"start":{"line":762,"column":19},"end":{"line":762,"column":33}},{"start":{"line":762,"column":37},"end":{"line":762,"column":73}}]},"73":{"line":764,"type":"binary-expr","locations":[{"start":{"line":764,"column":19},"end":{"line":764,"column":33}},{"start":{"line":764,"column":37},"end":{"line":764,"column":61}}]},"74":{"line":780,"type":"if","locations":[{"start":{"line":780,"column":6},"end":{"line":780,"column":6}},{"start":{"line":780,"column":6},"end":{"line":780,"column":6}}]},"75":{"line":794,"type":"if","locations":[{"start":{"line":794,"column":6},"end":{"line":794,"column":6}},{"start":{"line":794,"column":6},"end":{"line":794,"column":6}}]}},"l":{"1":1,"27":1,"32":1,"38":1,"49":1,"111":23,"116":8,"117":8,"118":1,"120":7,"121":7,"126":9,"127":1,"128":1,"130":8,"134":0,"137":0,"144":7,"145":0,"147":7,"148":7,"149":7,"150":7,"153":7,"154":12,"155":12,"157":12,"158":0,"159":12,"160":12,"162":0,"165":7,"166":14,"167":14,"169":14,"170":170,"172":14,"175":7,"180":4,"181":4,"182":4,"183":4,"193":11,"194":11,"196":11,"197":11,"198":11,"199":11,"200":11,"207":1,"208":1,"211":1,"216":0,"217":0,"218":0,"219":0,"226":0,"227":0,"229":0,"230":0,"231":0,"232":0,"233":0,"236":0,"241":0,"242":0,"244":0,"245":0,"246":0,"247":0,"248":0,"251":0,"255":0,"256":0,"258":0,"260":0,"261":0,"263":0,"264":0,"266":0,"267":0,"269":0,"270":0,"272":0,"273":0,"280":13,"287":23,"291":23,"292":0,"295":23,"298":23,"300":23,"302":23,"303":23,"308":23,"309":23,"312":23,"314":0,"316":0,"323":23,"326":23,"327":5,"328":5,"329":5,"330":5,"333":18,"334":18,"339":8,"345":22,"346":0,"348":22,"349":22,"350":6,"357":16,"364":22,"374":23,"383":23,"385":4,"386":4,"387":2,"388":2,"389":1,"392":4,"393":0,"395":4,"396":4,"399":19,"400":0,"402":19,"403":2,"409":19,"412":19,"414":19,"415":0,"416":0,"417":0,"424":0,"436":23,"437":23,"438":23,"445":23,"446":10,"448":23,"457":32,"458":32,"459":32,"460":32,"461":15,"463":15,"464":15,"469":15,"471":15,"472":0,"474":0,"475":0,"488":32,"494":32,"495":98,"496":14,"497":14,"498":14,"502":32,"504":32,"506":32,"508":23,"511":32,"513":32,"514":11,"515":11,"516":11,"524":12,"528":12,"529":34,"531":12,"532":12,"533":12,"534":12,"535":12,"545":32,"551":32,"553":31,"559":32,"560":32,"561":0,"563":0,"564":0,"566":32,"569":32,"571":32,"572":32,"575":0,"577":0,"578":0,"589":10,"592":10,"594":10,"595":8,"596":8,"599":10,"608":10,"609":10,"610":6,"611":6,"613":6,"618":6,"630":2,"631":2,"632":0,"634":2,"635":2,"638":2,"639":2,"640":1,"641":1,"642":1,"644":2,"645":2,"650":2,"664":8,"669":8,"670":0,"671":0,"674":8,"675":0,"678":8,"680":8,"681":27,"683":8,"684":8,"685":8,"695":1,"700":1,"701":0,"704":1,"706":1,"708":1,"710":1,"715":1,"717":1,"718":4,"725":4,"726":12,"728":12,"729":10,"730":7,"732":3,"736":12,"744":12,"746":12,"747":5,"751":4,"755":1,"756":19,"758":19,"759":56,"761":56,"762":6,"764":50,"767":56,"768":56,"770":19,"773":1,"774":8,"777":8,"778":23,"779":23,"780":23,"781":15,"784":8,"787":1,"788":42,"791":42,"792":126,"793":126,"794":126,"795":81,"796":81,"800":42,"813":42,"815":42}}}
